<?xml version="1.0" encoding="UTF-8"?>
<robot generator="Robot 4.1.2 (Python 3.10.1 on win32)" generated="20220330 10:27:43.236" rpa="false" schemaversion="2">
<suite id="s1" name="Cadastro" source="C:\desafio-neon-qa\tests\cadastro.robot">
<test id="s1-t1" name="Cadastro de cliente sem nome">
<kw name="Open Session" library="base" type="SETUP">
<kw name="Open Application" library="AppiumLibrary">
<arg>http://127.0.0.1:4723/wd/hub</arg>
<arg>automationName=UiAutomator2</arg>
<arg>platformName=Android</arg>
<arg>deviceName=Emulator</arg>
<arg>app=C:\\desafio-neon-qa\\app\\cadastro_clientes_teste.apk</arg>
<arg>udid=emulator-5554</arg>
<doc>Opens a new application to given Appium server.
Capabilities of appium server, Android and iOS,
Please check https://github.com/appium/appium/blob/master/docs/en/writing-running-appium/server-args.md
| *Option*            | *Man.* | *Description*     |
| remote_url          | Yes    | Appium server url |
| alias               | no     | alias             |</doc>
<status status="PASS" starttime="20220330 10:27:43.445" endtime="20220330 10:28:01.985"/>
</kw>
<status status="PASS" starttime="20220330 10:27:43.445" endtime="20220330 10:28:01.986"/>
</kw>
<kw name="Acessar tela para cadastro de cliente" library="base">
<kw name="Clicar no menu de opções inicial" library="base">
<kw name="Wait Until Page Contains" library="AppiumLibrary">
<arg>Cadastro de Clientes</arg>
<arg>60</arg>
<doc>Waits until `text` appears on current page.</doc>
<status status="PASS" starttime="20220330 10:28:01.988" endtime="20220330 10:28:02.482"/>
</kw>
<kw name="Click Element" library="AppiumLibrary">
<arg>${BTN_MenuOpcoes}</arg>
<doc>Click element identified by `locator`.</doc>
<msg timestamp="20220330 10:28:02.485" level="INFO">Clicking element 'class=android.widget.ImageButton'.</msg>
<status status="PASS" starttime="20220330 10:28:02.483" endtime="20220330 10:28:02.754"/>
</kw>
<kw name="Wait Until Element Is Visible" library="AppiumLibrary">
<arg>${BTN_NOVO}</arg>
<arg>60</arg>
<doc>Waits until element specified with `locator` is visible.</doc>
<status status="PASS" starttime="20220330 10:28:02.754" endtime="20220330 10:28:03.683"/>
</kw>
<status status="PASS" starttime="20220330 10:28:01.987" endtime="20220330 10:28:03.683"/>
</kw>
<kw name="Click Element" library="AppiumLibrary">
<arg>${BTN_NOVO}</arg>
<doc>Click element identified by `locator`.</doc>
<msg timestamp="20220330 10:28:03.686" level="INFO">Clicking element 'id=br.com.dudstecnologia.cadastrodeclientes:id/floating_novo'.</msg>
<status status="PASS" starttime="20220330 10:28:03.683" endtime="20220330 10:28:03.833"/>
</kw>
<status status="PASS" starttime="20220330 10:28:01.987" endtime="20220330 10:28:03.834"/>
</kw>
<kw name="Verificar tela de cadastro do novo cliente" library="base">
<kw name="Wait Until Element Is Visible" library="AppiumLibrary">
<arg>${BTN_Basico}</arg>
<arg>60</arg>
<doc>Waits until element specified with `locator` is visible.</doc>
<status status="PASS" starttime="20220330 10:28:03.836" endtime="20220330 10:28:04.769"/>
</kw>
<kw name="Element Text Should Be" library="AppiumLibrary">
<arg>${BTN_Basico}</arg>
<arg>Básico</arg>
<doc>Verifies element identified by ``locator`` exactly contains text ``expected``.</doc>
<msg timestamp="20220330 10:28:04.771" level="INFO">Verifying element 'id=br.com.dudstecnologia.cadastrodeclientes:id/rdBasico' contains exactly text 'Básico'.</msg>
<status status="PASS" starttime="20220330 10:28:04.769" endtime="20220330 10:28:04.974"/>
</kw>
<status status="PASS" starttime="20220330 10:28:03.835" endtime="20220330 10:28:04.974"/>
</kw>
<kw name="Clicar em salvar cadastro" library="base">
<kw name="Click Element" library="AppiumLibrary">
<arg>${BTN_Salvar}</arg>
<doc>Click element identified by `locator`.</doc>
<msg timestamp="20220330 10:28:04.977" level="INFO">Clicking element 'id=br.com.dudstecnologia.cadastrodeclientes:id/btnSalvar'.</msg>
<status status="PASS" starttime="20220330 10:28:04.975" endtime="20220330 10:28:05.051"/>
</kw>
<status status="PASS" starttime="20220330 10:28:04.974" endtime="20220330 10:28:05.051"/>
</kw>
<kw name="Verificar tela de cadastro do novo cliente" library="base">
<kw name="Wait Until Element Is Visible" library="AppiumLibrary">
<arg>${BTN_Basico}</arg>
<arg>60</arg>
<doc>Waits until element specified with `locator` is visible.</doc>
<status status="PASS" starttime="20220330 10:28:05.053" endtime="20220330 10:28:05.963"/>
</kw>
<kw name="Element Text Should Be" library="AppiumLibrary">
<arg>${BTN_Basico}</arg>
<arg>Básico</arg>
<doc>Verifies element identified by ``locator`` exactly contains text ``expected``.</doc>
<msg timestamp="20220330 10:28:05.965" level="INFO">Verifying element 'id=br.com.dudstecnologia.cadastrodeclientes:id/rdBasico' contains exactly text 'Básico'.</msg>
<status status="PASS" starttime="20220330 10:28:05.963" endtime="20220330 10:28:06.010"/>
</kw>
<status status="PASS" starttime="20220330 10:28:05.052" endtime="20220330 10:28:06.011"/>
</kw>
<kw name="Close Session" library="base" type="TEARDOWN">
<kw name="Capture Page Screenshot" library="AppiumLibrary">
<doc>Takes a screenshot of the current page and embeds it into the log.</doc>
<msg timestamp="20220330 10:28:06.186" level="INFO" html="true">&lt;/td&gt;&lt;/tr&gt;&lt;tr&gt;&lt;td colspan="3"&gt;&lt;a href="appium-screenshot-1.png"&gt;&lt;img src="appium-screenshot-1.png" width="800px"&gt;&lt;/a&gt;</msg>
<status status="PASS" starttime="20220330 10:28:06.012" endtime="20220330 10:28:06.186"/>
</kw>
<kw name="Close Application" library="AppiumLibrary">
<doc>Closes the current application and also close webdriver session.</doc>
<status status="PASS" starttime="20220330 10:28:06.187" endtime="20220330 10:28:07.088"/>
</kw>
<status status="PASS" starttime="20220330 10:28:06.011" endtime="20220330 10:28:07.088"/>
</kw>
<status status="PASS" starttime="20220330 10:27:43.445" endtime="20220330 10:28:07.089"/>
</test>
<test id="s1-t2" name="Cadastro de cliente">
<kw name="Open Session" library="base" type="SETUP">
<kw name="Open Application" library="AppiumLibrary">
<arg>http://127.0.0.1:4723/wd/hub</arg>
<arg>automationName=UiAutomator2</arg>
<arg>platformName=Android</arg>
<arg>deviceName=Emulator</arg>
<arg>app=C:\\desafio-neon-qa\\app\\cadastro_clientes_teste.apk</arg>
<arg>udid=emulator-5554</arg>
<doc>Opens a new application to given Appium server.
Capabilities of appium server, Android and iOS,
Please check https://github.com/appium/appium/blob/master/docs/en/writing-running-appium/server-args.md
| *Option*            | *Man.* | *Description*     |
| remote_url          | Yes    | Appium server url |
| alias               | no     | alias             |</doc>
<status status="PASS" starttime="20220330 10:28:07.091" endtime="20220330 10:28:23.566"/>
</kw>
<status status="PASS" starttime="20220330 10:28:07.091" endtime="20220330 10:28:23.567"/>
</kw>
<kw name="Acessar tela para cadastro de cliente" library="base">
<kw name="Clicar no menu de opções inicial" library="base">
<kw name="Wait Until Page Contains" library="AppiumLibrary">
<arg>Cadastro de Clientes</arg>
<arg>60</arg>
<doc>Waits until `text` appears on current page.</doc>
<status status="PASS" starttime="20220330 10:28:23.569" endtime="20220330 10:28:23.634"/>
</kw>
<kw name="Click Element" library="AppiumLibrary">
<arg>${BTN_MenuOpcoes}</arg>
<doc>Click element identified by `locator`.</doc>
<msg timestamp="20220330 10:28:23.636" level="INFO">Clicking element 'class=android.widget.ImageButton'.</msg>
<status status="PASS" starttime="20220330 10:28:23.634" endtime="20220330 10:28:23.719"/>
</kw>
<kw name="Wait Until Element Is Visible" library="AppiumLibrary">
<arg>${BTN_NOVO}</arg>
<arg>60</arg>
<doc>Waits until element specified with `locator` is visible.</doc>
<status status="PASS" starttime="20220330 10:28:23.719" endtime="20220330 10:28:24.613"/>
</kw>
<status status="PASS" starttime="20220330 10:28:23.568" endtime="20220330 10:28:24.613"/>
</kw>
<kw name="Click Element" library="AppiumLibrary">
<arg>${BTN_NOVO}</arg>
<doc>Click element identified by `locator`.</doc>
<msg timestamp="20220330 10:28:24.615" level="INFO">Clicking element 'id=br.com.dudstecnologia.cadastrodeclientes:id/floating_novo'.</msg>
<status status="PASS" starttime="20220330 10:28:24.613" endtime="20220330 10:28:24.687"/>
</kw>
<status status="PASS" starttime="20220330 10:28:23.567" endtime="20220330 10:28:24.687"/>
</kw>
<kw name="Verificar tela de cadastro do novo cliente" library="base">
<kw name="Wait Until Element Is Visible" library="AppiumLibrary">
<arg>${BTN_Basico}</arg>
<arg>60</arg>
<doc>Waits until element specified with `locator` is visible.</doc>
<status status="PASS" starttime="20220330 10:28:24.688" endtime="20220330 10:28:25.520"/>
</kw>
<kw name="Element Text Should Be" library="AppiumLibrary">
<arg>${BTN_Basico}</arg>
<arg>Básico</arg>
<doc>Verifies element identified by ``locator`` exactly contains text ``expected``.</doc>
<msg timestamp="20220330 10:28:25.523" level="INFO">Verifying element 'id=br.com.dudstecnologia.cadastrodeclientes:id/rdBasico' contains exactly text 'Básico'.</msg>
<status status="PASS" starttime="20220330 10:28:25.520" endtime="20220330 10:28:25.569"/>
</kw>
<status status="PASS" starttime="20220330 10:28:24.688" endtime="20220330 10:28:25.570"/>
</kw>
<kw name="Inserir nome do cliente">
<kw name="Wait Until Element Is Visible" library="AppiumLibrary">
<arg>${Campo_Nome}</arg>
<doc>Waits until element specified with `locator` is visible.</doc>
<status status="PASS" starttime="20220330 10:28:25.571" endtime="20220330 10:28:25.622"/>
</kw>
<kw name="Click Element" library="AppiumLibrary">
<arg>${Campo_Nome}</arg>
<doc>Click element identified by `locator`.</doc>
<msg timestamp="20220330 10:28:25.624" level="INFO">Clicking element 'id=br.com.dudstecnologia.cadastrodeclientes:id/editNome'.</msg>
<status status="PASS" starttime="20220330 10:28:25.622" endtime="20220330 10:28:25.703"/>
</kw>
<kw name="Click Element" library="AppiumLibrary">
<arg>class=android.widget.EditText</arg>
<doc>Click element identified by `locator`.</doc>
<msg timestamp="20220330 10:28:25.705" level="INFO">Clicking element 'class=android.widget.EditText'.</msg>
<status status="PASS" starttime="20220330 10:28:25.703" endtime="20220330 10:28:28.120"/>
</kw>
<kw name="Input Text" library="AppiumLibrary">
<arg>${EMPTY}</arg>
<arg>Claudio</arg>
<doc>Types the given `text` into text field identified by `locator`.</doc>
<msg timestamp="20220330 10:28:28.123" level="INFO">Typing text 'Claudio' into text field ''</msg>
<kw name="Capture Page Screenshot" library="AppiumLibrary">
<doc>Takes a screenshot of the current page and embeds it into the log.</doc>
<msg timestamp="20220330 10:28:28.228" level="INFO" html="true">&lt;/td&gt;&lt;/tr&gt;&lt;tr&gt;&lt;td colspan="3"&gt;&lt;a href="appium-screenshot-2.png"&gt;&lt;img src="appium-screenshot-2.png" width="800px"&gt;&lt;/a&gt;</msg>
<status status="PASS" starttime="20220330 10:28:28.123" endtime="20220330 10:28:28.228"/>
</kw>
<msg timestamp="20220330 10:28:28.553" level="FAIL">AssertionError</msg>
<status status="FAIL" starttime="20220330 10:28:28.120" endtime="20220330 10:28:28.553"/>
</kw>
<status status="FAIL" starttime="20220330 10:28:25.570" endtime="20220330 10:28:28.554"/>
</kw>
<kw name="Clicar em salvar cadastro" library="base">
<status status="NOT RUN" starttime="20220330 10:28:28.555" endtime="20220330 10:28:28.555"/>
</kw>
<kw name="Visualizar mensagem de sucesso">
<status status="NOT RUN" starttime="20220330 10:28:28.555" endtime="20220330 10:28:28.555"/>
</kw>
<kw name="Close Session" library="base" type="TEARDOWN">
<kw name="Capture Page Screenshot" library="AppiumLibrary">
<doc>Takes a screenshot of the current page and embeds it into the log.</doc>
<msg timestamp="20220330 10:28:28.667" level="INFO" html="true">&lt;/td&gt;&lt;/tr&gt;&lt;tr&gt;&lt;td colspan="3"&gt;&lt;a href="appium-screenshot-3.png"&gt;&lt;img src="appium-screenshot-3.png" width="800px"&gt;&lt;/a&gt;</msg>
<status status="PASS" starttime="20220330 10:28:28.556" endtime="20220330 10:28:28.667"/>
</kw>
<kw name="Close Application" library="AppiumLibrary">
<doc>Closes the current application and also close webdriver session.</doc>
<status status="PASS" starttime="20220330 10:28:28.667" endtime="20220330 10:28:29.353"/>
</kw>
<status status="PASS" starttime="20220330 10:28:28.556" endtime="20220330 10:28:29.354"/>
</kw>
<status status="FAIL" starttime="20220330 10:28:07.090" endtime="20220330 10:28:29.354">AssertionError</status>
</test>
<doc>Sessão desenvolvida para a tela de cadastro de clientes</doc>
<status status="FAIL" starttime="20220330 10:27:43.237" endtime="20220330 10:28:29.356"/>
</suite>
<statistics>
<total>
<stat pass="1" fail="1" skip="0">All Tests</stat>
</total>
<tag>
</tag>
<suite>
<stat pass="1" fail="1" skip="0" id="s1" name="Cadastro">Cadastro</stat>
</suite>
</statistics>
<errors>
</errors>
</robot>
